2023-09-04T08:56:55.665Z eth_blockNumber
2023-09-04T08:56:55.677Z net_version
2023-09-04T08:56:55.680Z eth_accounts
2023-09-04T08:56:55.810Z eth_getBlockByNumber
2023-09-04T08:56:55.815Z eth_accounts
2023-09-04T08:56:55.918Z net_version
2023-09-04T08:56:55.920Z eth_getBlockByNumber
2023-09-04T08:56:55.922Z eth_getBlockByNumber
2023-09-04T08:56:55.924Z net_version
2023-09-04T08:56:55.926Z eth_getBlockByNumber
2023-09-04T08:56:55.930Z eth_estimateGas
2023-09-04T08:56:55.988Z net_version
2023-09-04T08:56:55.988Z eth_blockNumber
2023-09-04T08:56:55.990Z eth_getBlockByNumber
2023-09-04T08:56:55.994Z eth_estimateGas
2023-09-04T08:56:56.017Z eth_getBlockByNumber
2023-09-04T08:56:56.017Z eth_gasPrice
2023-09-04T08:56:56.019Z eth_sendTransaction
2023-09-04T08:56:56.039Z 
2023-09-04T08:56:56.039Z   Transaction: 0x55cb55f181d1d93d9d9ab1b6c8c3c46a593ec55807426a571c75b5ced163040d
2023-09-04T08:56:56.039Z   Contract created: 0xd31c3320e2acd74be43c26645d5e1c0fafe09b96
2023-09-04T08:56:56.039Z   Gas usage: 618055
2023-09-04T08:56:56.039Z   Block number: 1
2023-09-04T08:56:56.039Z   Block time: Mon Sep 04 2023 05:56:56 GMT-0300 (Argentina Standard Time)
2023-09-04T08:56:56.039Z 
2023-09-04T08:56:56.043Z eth_getTransactionReceipt
2023-09-04T08:56:56.047Z eth_getCode
2023-09-04T08:56:56.055Z eth_getTransactionByHash
2023-09-04T08:56:56.057Z eth_getBlockByNumber
2023-09-04T08:56:56.059Z eth_getBalance
2023-09-04T08:56:56.062Z net_version
2023-09-04T08:56:56.063Z eth_getBlockByNumber
2023-09-04T08:56:56.065Z eth_getBlockByNumber
2023-09-04T08:56:56.067Z net_version
2023-09-04T08:56:56.068Z eth_getBlockByNumber
2023-09-04T08:56:56.072Z eth_estimateGas
2023-09-04T08:56:56.113Z net_version
2023-09-04T08:56:56.113Z eth_blockNumber
2023-09-04T08:56:56.114Z eth_getBlockByNumber
2023-09-04T08:56:56.117Z eth_estimateGas
2023-09-04T08:56:56.142Z eth_getBlockByNumber
2023-09-04T08:56:56.142Z eth_gasPrice
2023-09-04T08:56:56.144Z eth_sendTransaction
2023-09-04T08:56:56.161Z 
2023-09-04T08:56:56.161Z   Transaction: 0x625b90df7f3e0709ddb6395bdb8e7ef38c9e702f975873dca2504a6159b108de
2023-09-04T08:56:56.161Z   Contract created: 0x7f96b3050d42b1f51294d029baa959d1e5d2a4cb
2023-09-04T08:56:56.161Z   Gas usage: 5405028
2023-09-04T08:56:56.161Z   Block number: 2
2023-09-04T08:56:56.161Z   Block time: Mon Sep 04 2023 05:56:56 GMT-0300 (Argentina Standard Time)
2023-09-04T08:56:56.161Z 
2023-09-04T08:56:56.163Z eth_getTransactionReceipt
2023-09-04T08:56:56.165Z eth_getCode
2023-09-04T08:56:56.169Z eth_getTransactionByHash
2023-09-04T08:56:56.171Z eth_getBlockByNumber
2023-09-04T08:56:56.173Z eth_getBalance
2023-09-04T08:56:57.968Z eth_blockNumber
2023-09-04T08:56:57.988Z net_version
2023-09-04T08:56:57.992Z eth_accounts
2023-09-04T08:56:58.100Z eth_accounts
2023-09-04T08:56:58.103Z eth_getBlockByNumber
2023-09-04T08:56:58.110Z eth_getBlockByNumber
2023-09-04T08:56:58.140Z eth_getBlockByNumber
2023-09-04T08:56:58.146Z eth_estimateGas
2023-09-04T08:56:58.170Z eth_getBlockByNumber
2023-09-04T08:56:58.173Z eth_gasPrice
2023-09-04T08:56:58.177Z eth_sendTransaction
2023-09-04T08:56:58.190Z 
2023-09-04T08:56:58.190Z   Transaction: 0x4251f112c3a8065263b51802efb3ade9f31fb0c7882f875754878af37542e90d
2023-09-04T08:56:58.190Z   Gas usage: 69083
2023-09-04T08:56:58.190Z   Block number: 3
2023-09-04T08:56:58.190Z   Block time: Mon Sep 04 2023 05:56:58 GMT-0300 (Argentina Standard Time)
2023-09-04T08:56:58.190Z 
2023-09-04T08:56:58.193Z eth_getTransactionReceipt
2023-09-04T08:56:58.197Z eth_getBlockByNumber
2023-09-04T08:56:58.200Z eth_estimateGas
2023-09-04T08:56:58.220Z eth_getBlockByNumber
2023-09-04T08:56:58.221Z eth_gasPrice
2023-09-04T08:56:58.224Z eth_sendTransaction
2023-09-04T08:56:58.234Z 
2023-09-04T08:56:58.234Z   Transaction: 0xadbda3f58dd60f65e3142fc1e8990a76197ba37f3639d8c6a684a8d4d5dd6025
2023-09-04T08:56:58.234Z   Gas usage: 51959
2023-09-04T08:56:58.234Z   Block number: 4
2023-09-04T08:56:58.234Z   Block time: Mon Sep 04 2023 05:56:58 GMT-0300 (Argentina Standard Time)
2023-09-04T08:56:58.234Z 
2023-09-04T08:56:58.237Z eth_getTransactionReceipt
2023-09-04T08:56:58.239Z eth_getBlockByNumber
2023-09-04T08:56:58.241Z eth_estimateGas
2023-09-04T08:56:58.261Z eth_getBlockByNumber
2023-09-04T08:56:58.262Z eth_gasPrice
2023-09-04T08:56:58.263Z eth_sendTransaction
2023-09-04T08:56:58.273Z 
2023-09-04T08:56:58.273Z   Transaction: 0x8eddde13e1ea56808b7eb887eeb1e969e2093bd6936c9556f79c39ee12fbb45a
2023-09-04T08:56:58.273Z   Gas usage: 51959
2023-09-04T08:56:58.273Z   Block number: 5
2023-09-04T08:56:58.273Z   Block time: Mon Sep 04 2023 05:56:58 GMT-0300 (Argentina Standard Time)
2023-09-04T08:56:58.273Z 
2023-09-04T08:56:58.275Z eth_getTransactionReceipt
2023-09-04T08:56:58.277Z eth_getBlockByNumber
2023-09-04T08:56:58.279Z eth_estimateGas
2023-09-04T08:56:58.299Z eth_getBlockByNumber
2023-09-04T08:56:58.299Z eth_gasPrice
2023-09-04T08:56:58.301Z eth_sendTransaction
2023-09-04T08:56:58.311Z 
2023-09-04T08:56:58.311Z   Transaction: 0x6dc4eb14d6a19ede86361f5aeb9d16e907d31d72f89e6880c7e29d86fe5e0b82
2023-09-04T08:56:58.311Z   Gas usage: 51971
2023-09-04T08:56:58.311Z   Block number: 6
2023-09-04T08:56:58.311Z   Block time: Mon Sep 04 2023 05:56:58 GMT-0300 (Argentina Standard Time)
2023-09-04T08:56:58.311Z 
2023-09-04T08:56:58.312Z eth_getTransactionReceipt
2023-09-04T08:56:58.315Z eth_getBlockByNumber
2023-09-04T08:56:58.317Z eth_estimateGas
2023-09-04T08:56:58.336Z eth_getBlockByNumber
2023-09-04T08:56:58.336Z eth_gasPrice
2023-09-04T08:56:58.338Z eth_sendTransaction
2023-09-04T08:56:58.348Z 
2023-09-04T08:56:58.348Z   Transaction: 0x5728b8a8dd66c0f13d4948d48b184173badaac28a857241a0c5147b259487560
2023-09-04T08:56:58.348Z   Gas usage: 51947
2023-09-04T08:56:58.348Z   Block number: 7
2023-09-04T08:56:58.348Z   Block time: Mon Sep 04 2023 05:56:58 GMT-0300 (Argentina Standard Time)
2023-09-04T08:56:58.348Z 
2023-09-04T08:56:58.350Z eth_getTransactionReceipt
2023-09-04T08:56:58.352Z eth_getBlockByNumber
2023-09-04T08:56:58.357Z eth_estimateGas
2023-09-04T08:56:58.375Z eth_getBlockByNumber
2023-09-04T08:56:58.376Z eth_gasPrice
2023-09-04T08:56:58.378Z eth_sendTransaction
2023-09-04T08:56:58.393Z 
2023-09-04T08:56:58.393Z   Transaction: 0x4bd994902fee953b65bb1b9a2c9809a747d6bba66b25fa4f84de504951f705cf
2023-09-04T08:56:58.393Z   Gas usage: 51570
2023-09-04T08:56:58.393Z   Block number: 8
2023-09-04T08:56:58.393Z   Block time: Mon Sep 04 2023 05:56:58 GMT-0300 (Argentina Standard Time)
2023-09-04T08:56:58.393Z 
2023-09-04T08:56:58.395Z eth_getTransactionReceipt
2023-09-04T08:56:58.400Z eth_getBlockByNumber
2023-09-04T08:56:58.401Z eth_gasPrice
2023-09-04T08:56:58.402Z eth_sendTransaction
2023-09-04T08:56:58.407Z 
2023-09-04T08:56:58.407Z   Transaction: 0x63789a72dba2c52f352ae74c83bc479e8911025c9e82f7f0855215f4257fd938
2023-09-04T08:56:58.407Z   Gas usage: 21000
2023-09-04T08:56:58.407Z   Block number: 9
2023-09-04T08:56:58.407Z   Block time: Mon Sep 04 2023 05:56:58 GMT-0300 (Argentina Standard Time)
2023-09-04T08:56:58.407Z 
2023-09-04T08:56:58.409Z eth_getTransactionReceipt
2023-09-04T08:57:55.475Z eth_blockNumber
2023-09-04T08:57:55.479Z eth_call
2023-09-04T08:58:47.221Z eth_blockNumber
2023-09-04T08:59:08.149Z eth_blockNumber
2023-09-04T08:59:34.546Z eth_blockNumber
2023-09-04T09:00:18.164Z eth_blockNumber
2023-09-04T09:00:22.630Z eth_call
2023-09-04T09:00:22.645Z eth_blockNumber
2023-09-04T09:00:22.653Z eth_estimateGas
2023-09-04T09:00:22.681Z eth_getCode
2023-09-04T09:00:22.699Z eth_call
2023-09-04T09:00:22.710Z eth_call
2023-09-04T09:00:22.717Z eth_call
2023-09-04T09:00:22.718Z eth_call
2023-09-04T09:00:24.131Z eth_blockNumber
2023-09-04T09:00:24.134Z eth_getBalance
2023-09-04T09:00:24.134Z eth_getBalance
2023-09-04T09:00:24.134Z eth_getBalance
2023-09-04T09:00:24.134Z eth_getBalance
2023-09-04T09:00:24.394Z eth_call
2023-09-04T09:00:24.403Z eth_call
2023-09-04T09:00:24.417Z eth_call
2023-09-04T09:00:24.490Z eth_getCode
2023-09-04T09:00:24.501Z eth_getTransactionCount
2023-09-04T09:00:34.051Z eth_sendRawTransaction
2023-09-04T09:00:34.061Z 
2023-09-04T09:00:34.061Z   Transaction: 0xf616e78dcdee7d175119089c5b8093b8565459acdfc533b89af7fcc92359e2b8
2023-09-04T09:00:34.061Z   Gas usage: 46237
2023-09-04T09:00:34.061Z   Block number: 10
2023-09-04T09:00:34.061Z   Block time: Mon Sep 04 2023 06:00:34 GMT-0300 (Argentina Standard Time)
2023-09-04T09:00:34.061Z 
2023-09-04T09:00:34.070Z eth_blockNumber
2023-09-04T09:00:34.079Z eth_call
2023-09-04T09:00:34.083Z eth_getTransactionReceipt
2023-09-04T09:00:34.092Z eth_getBlockByHash
2023-09-04T09:00:34.095Z eth_call
2023-09-04T09:00:34.111Z eth_blockNumber
2023-09-04T09:00:34.111Z eth_call
2023-09-04T09:00:34.167Z eth_call
2023-09-04T09:00:34.168Z eth_call
2023-09-04T09:00:34.172Z eth_call
2023-09-04T09:00:34.185Z eth_estimateGas
2023-09-04T09:00:34.285Z eth_getCode
2023-09-04T09:00:34.296Z eth_call
2023-09-04T09:00:34.304Z eth_call
2023-09-04T09:00:34.311Z eth_call
2023-09-04T09:00:34.312Z eth_call
2023-09-04T09:00:36.310Z eth_blockNumber
2023-09-04T09:00:36.312Z eth_getBalance
2023-09-04T09:00:36.313Z eth_getBalance
2023-09-04T09:00:36.313Z eth_getBalance
2023-09-04T09:00:36.313Z eth_getBalance
2023-09-04T09:00:36.725Z eth_getTransactionCount
2023-09-04T09:00:38.209Z eth_blockNumber
2023-09-04T09:00:45.802Z eth_sendRawTransaction
2023-09-04T09:00:45.841Z 
2023-09-04T09:00:45.841Z   Transaction: 0x1014c707fa3b6b75b52c635f18aa2c770058da5b31516d7cbd16ac3f7784926d
2023-09-04T09:00:45.841Z   Gas usage: 363358
2023-09-04T09:00:45.841Z   Block number: 11
2023-09-04T09:00:45.841Z   Block time: Mon Sep 04 2023 06:00:45 GMT-0300 (Argentina Standard Time)
2023-09-04T09:00:45.841Z 
2023-09-04T09:00:45.850Z eth_blockNumber
2023-09-04T09:00:45.860Z eth_call
2023-09-04T09:00:45.864Z eth_getTransactionReceipt
2023-09-04T09:00:45.870Z eth_getBlockByHash
2023-09-04T09:00:45.873Z eth_call
2023-09-04T09:00:45.891Z eth_call
2023-09-04T09:00:45.919Z eth_call
2023-09-04T09:00:45.920Z eth_call
2023-09-04T09:00:45.928Z eth_call
2023-09-04T09:00:45.953Z eth_call
2023-09-04T09:00:45.955Z eth_call
2023-09-04T09:01:31.272Z eth_blockNumber
2023-09-04T09:01:31.275Z eth_call
2023-09-04T09:16:53.353Z eth_blockNumber
2023-09-04T09:17:38.680Z eth_blockNumber
2023-09-04T09:19:12.355Z eth_blockNumber
2023-09-04T09:40:39.348Z eth_blockNumber
2023-09-04T09:42:08.518Z eth_blockNumber
2023-09-04T09:49:26.563Z eth_blockNumber
2023-09-04T09:49:26.607Z eth_call
2023-09-04T09:50:21.134Z eth_blockNumber
2023-09-04T09:50:47.006Z eth_blockNumber
2023-09-04T09:52:27.454Z eth_blockNumber
2023-09-04T09:52:59.003Z eth_blockNumber
2023-09-04T09:53:28.535Z eth_blockNumber
2023-09-04T09:53:52.568Z eth_blockNumber
2023-09-04T09:54:29.975Z eth_blockNumber
2023-09-04T09:54:53.378Z eth_blockNumber
2023-09-04T09:55:17.278Z eth_blockNumber
2023-09-04T09:55:37.392Z eth_blockNumber
2023-09-04T10:22:13.485Z eth_blockNumber
2023-09-04T10:22:13.488Z eth_call
2023-09-04T10:22:13.508Z eth_estimateGas
2023-09-04T10:22:13.544Z eth_getCode
2023-09-04T10:22:13.563Z eth_call
2023-09-04T10:22:13.570Z eth_call
2023-09-04T10:22:13.578Z eth_call
2023-09-04T10:22:13.580Z eth_call
2023-09-04T10:22:15.070Z eth_blockNumber
2023-09-04T10:22:15.230Z eth_call
2023-09-04T10:22:15.239Z eth_call
2023-09-04T10:22:15.250Z eth_call
2023-09-04T10:22:15.349Z eth_getCode
2023-09-04T10:22:15.357Z eth_getTransactionCount
2023-09-04T10:22:25.229Z eth_sendRawTransaction
2023-09-04T10:22:25.252Z 
2023-09-04T10:22:25.252Z   Transaction: 0x135338362166152f91c370a6c959029be2dd8d44d122e0d19a87c23231dd301f
2023-09-04T10:22:25.252Z   Gas usage: 46237
2023-09-04T10:22:25.252Z   Block number: 12
2023-09-04T10:22:25.252Z   Block time: Mon Sep 04 2023 07:22:25 GMT-0300 (Argentina Standard Time)
2023-09-04T10:22:25.252Z 
2023-09-04T10:22:25.260Z eth_blockNumber
2023-09-04T10:22:25.268Z eth_call
2023-09-04T10:22:25.273Z eth_getTransactionReceipt
2023-09-04T10:22:25.282Z eth_getBlockByHash
2023-09-04T10:22:25.285Z eth_call
2023-09-04T10:22:25.296Z eth_call
2023-09-04T10:22:25.352Z eth_blockNumber
2023-09-04T10:22:25.354Z eth_call
2023-09-04T10:22:25.356Z eth_call
2023-09-04T10:22:25.364Z eth_call
2023-09-04T10:22:25.400Z eth_estimateGas
2023-09-04T10:22:25.468Z eth_getCode
2023-09-04T10:22:25.478Z eth_call
2023-09-04T10:22:25.486Z eth_call
2023-09-04T10:22:25.494Z eth_call
2023-09-04T10:22:25.494Z eth_call
2023-09-04T10:22:26.727Z eth_blockNumber
2023-09-04T10:22:26.729Z eth_getBalance
2023-09-04T10:22:26.729Z eth_getBalance
2023-09-04T10:22:26.730Z eth_getBalance
2023-09-04T10:22:26.730Z eth_getBalance
2023-09-04T10:22:27.136Z eth_getTransactionCount
2023-09-04T10:22:36.489Z eth_sendRawTransaction
2023-09-04T10:22:36.534Z 
2023-09-04T10:22:36.534Z   Transaction: 0x5bac25004c694bbddd018b55323a06eb2c72263f3a66e233201cc64137102ce9
2023-09-04T10:22:36.534Z   Gas usage: 329158
2023-09-04T10:22:36.534Z   Block number: 13
2023-09-04T10:22:36.534Z   Block time: Mon Sep 04 2023 07:22:36 GMT-0300 (Argentina Standard Time)
2023-09-04T10:22:36.534Z 
2023-09-04T10:22:36.542Z eth_blockNumber
2023-09-04T10:22:36.553Z eth_call
2023-09-04T10:22:36.558Z eth_getTransactionReceipt
2023-09-04T10:22:36.565Z eth_getBlockByHash
2023-09-04T10:22:36.568Z eth_call
2023-09-04T10:22:36.583Z eth_call
2023-09-04T10:22:36.610Z eth_call
2023-09-04T10:22:36.612Z eth_call
2023-09-04T10:22:36.614Z eth_call
2023-09-04T10:22:36.628Z eth_call
2023-09-04T10:22:36.628Z eth_call
2023-09-04T10:22:39.843Z eth_call
2023-09-04T10:22:39.889Z eth_call
